<?xml version="1.0" encoding="UTF-8"?>
<testsuite xmlns:xsi="http://www.w3.org/2001/XMLSchema-instance" xsi:schemaLocation="https://maven.apache.org/surefire/maven-surefire-plugin/xsd/surefire-test-report.xsd" name="com.edurekademo.utilities.TestGenericComparator" time="0.03" tests="14" errors="0" skipped="0" failures="0">
  <properties>
    <property name="java.runtime.name" value="Java(TM) SE Runtime Environment"/>
    <property name="java.vm.version" value="11.0.10+8-LTS-162"/>
    <property name="sun.boot.library.path" value="C:\Program Files\Java\jdk-11.0.10\bin"/>
    <property name="maven.multiModuleProjectDirectory" value="D:\Devops with AWS\Devops Tools\Projects\Addressbook - Project"/>
    <property name="java.vm.vendor" value="Oracle Corporation"/>
    <property name="java.vendor.url" value="https://openjdk.java.net/"/>
    <property name="guice.disable.misplaced.annotation.check" value="true"/>
    <property name="path.separator" value=";"/>
    <property name="java.vm.name" value="Java HotSpot(TM) 64-Bit Server VM"/>
    <property name="sun.os.patch.level" value=""/>
    <property name="user.script" value=""/>
    <property name="user.country" value="US"/>
    <property name="sun.java.launcher" value="SUN_STANDARD"/>
    <property name="java.vm.specification.name" value="Java Virtual Machine Specification"/>
    <property name="user.dir" value="D:\Devops with AWS\Devops Tools\Projects\Addressbook - Project"/>
    <property name="java.vm.compressedOopsMode" value="32-bit"/>
    <property name="java.runtime.version" value="11.0.10+8-LTS-162"/>
    <property name="java.awt.graphicsenv" value="sun.awt.Win32GraphicsEnvironment"/>
    <property name="os.arch" value="amd64"/>
    <property name="java.io.tmpdir" value="C:\Users\Dell\AppData\Local\Temp\"/>
    <property name="line.separator" value="&#10;"/>
    <property name="java.vm.specification.vendor" value="Oracle Corporation"/>
    <property name="user.variant" value=""/>
    <property name="os.name" value="Windows 10"/>
    <property name="classworlds.conf" value="D:\Devops with AWS\Devops Tools\apache-maven-3.8.1\bin\..\bin\m2.conf"/>
    <property name="sun.jnu.encoding" value="Cp1252"/>
    <property name="java.library.path" value="C:\Program Files\Java\jdk-11.0.10\bin;C:\WINDOWS\Sun\Java\bin;C:\WINDOWS\system32;C:\WINDOWS;C:\Program Files\Common Files\Oracle\Java\javapath;C:\Program Files (x86)\Common Files\Oracle\Java\javapath;C:\Program Files\Java\jdk-11.0.10\bin;D:\Devops with AWS\Devops Tools\apache-maven-3.8.1\bin;D:\Devops with AWS\Devops Tools\sonar-scanner-4.5.0.2216-windows\bin;C:\WINDOWS\system32;C:\Program Files\Git\bin;;."/>
    <property name="maven.conf" value="D:\Devops with AWS\Devops Tools\apache-maven-3.8.1\bin\../conf"/>
    <property name="jdk.debug" value="release"/>
    <property name="java.class.version" value="55.0"/>
    <property name="java.specification.name" value="Java Platform API Specification"/>
    <property name="sun.management.compiler" value="HotSpot 64-Bit Tiered Compilers"/>
    <property name="os.version" value="10.0"/>
    <property name="library.jansi.path" value="D:\Devops with AWS\Devops Tools\apache-maven-3.8.1\bin\..\lib\jansi-native"/>
    <property name="user.home" value="C:\Users\Dell"/>
    <property name="user.timezone" value="Asia/Calcutta"/>
    <property name="java.awt.printerjob" value="sun.awt.windows.WPrinterJob"/>
    <property name="file.encoding" value="Cp1252"/>
    <property name="java.specification.version" value="11"/>
    <property name="user.name" value="Dell"/>
    <property name="java.class.path" value="D:\Devops with AWS\Devops Tools\apache-maven-3.8.1\bin\..\boot\plexus-classworlds-2.6.0.jar"/>
    <property name="java.vm.specification.version" value="11"/>
    <property name="sun.arch.data.model" value="64"/>
    <property name="sun.java.command" value="org.codehaus.plexus.classworlds.launcher.Launcher clean deploy"/>
    <property name="java.home" value="C:\Program Files\Java\jdk-11.0.10"/>
    <property name="user.language" value="en"/>
    <property name="java.specification.vendor" value="Oracle Corporation"/>
    <property name="awt.toolkit" value="sun.awt.windows.WToolkit"/>
    <property name="java.vm.info" value="mixed mode"/>
    <property name="java.version" value="11.0.10"/>
    <property name="java.vendor" value="Oracle Corporation"/>
    <property name="sun.stderr.encoding" value="cp437"/>
    <property name="maven.home" value="D:\Devops with AWS\Devops Tools\apache-maven-3.8.1\bin\.."/>
    <property name="file.separator" value="\"/>
    <property name="java.version.date" value="2021-01-19"/>
    <property name="java.vendor.url.bug" value="https://bugreport.java.com/bugreport/"/>
    <property name="sun.io.unicode.encoding" value="UnicodeLittle"/>
    <property name="sun.cpu.endian" value="little"/>
    <property name="java.vendor.version" value="18.9"/>
    <property name="sun.stdout.encoding" value="cp437"/>
    <property name="sun.desktop" value="windows"/>
    <property name="sun.cpu.isalist" value="amd64"/>
  </properties>
  <testcase name="testSortEmpIDAsc" classname="com.edurekademo.utilities.TestGenericComparator" time="0.015"/>
  <testcase name="testSortEmpNameAsc" classname="com.edurekademo.utilities.TestGenericComparator" time="0"/>
  <testcase name="testSortEmpIDDesc" classname="com.edurekademo.utilities.TestGenericComparator" time="0"/>
  <testcase name="testSortEmpNameAscNewComparator" classname="com.edurekademo.utilities.TestGenericComparator" time="0.005"/>
  <testcase name="testSortEmpSpare2StringAsc" classname="com.edurekademo.utilities.TestGenericComparator" time="0"/>
  <testcase name="testDoubleSort" classname="com.edurekademo.utilities.TestGenericComparator" time="0"/>
  <testcase name="testSortEmpSpare2StringDesc" classname="com.edurekademo.utilities.TestGenericComparator" time="0"/>
  <testcase name="testSortEmpNameDescNewComparator3Element" classname="com.edurekademo.utilities.TestGenericComparator" time="0"/>
  <testcase name="testSortEmpSpareDesc2" classname="com.edurekademo.utilities.TestGenericComparator" time="0"/>
  <testcase name="testSortEmpNameAscNewComparator3Element" classname="com.edurekademo.utilities.TestGenericComparator" time="0"/>
  <testcase name="testSortEmpSpareAsc2" classname="com.edurekademo.utilities.TestGenericComparator" time="0"/>
  <testcase name="testSortEmpSpareDesc" classname="com.edurekademo.utilities.TestGenericComparator" time="0"/>
  <testcase name="testSortEmpNameDesc" classname="com.edurekademo.utilities.TestGenericComparator" time="0"/>
  <testcase name="testSortEmpSpareAsc" classname="com.edurekademo.utilities.TestGenericComparator" time="0.01"/>
</testsuite>